<?xml version="1.0" encoding="UTF-8"?>
<!-- Generated by org.testng.reporters.JUnitReportReporter -->
<testsuite hostname="LHTU05CG82929K3" name="testcases.testBrowser" tests="1" failures="0" timestamp="8 Jun 2021 06:32:31 GMT" time="25.922" errors="0">
  <testcase name="test_Broser" time="25.922" classname="testcases.testBrowser"/>
</testsuite> <!-- testcases.testBrowser -->
